<?xml version="1.0" encoding="UTF-8"?>
<testsuite xmlns:xsi="http://www.w3.org/2001/XMLSchema-instance" xsi:noNamespaceSchemaLocation="https://maven.apache.org/surefire/maven-surefire-plugin/xsd/surefire-test-report-3.0.xsd" version="3.0" name="test.java.com.example.myarraylist.MyArrayListTest" time="0.052" tests="5" errors="0" skipped="0" failures="0">
  <properties>
[...]
</properties>
  <testcase name="testClear" classname="test.java.com.example.myarraylist.MyArrayListTest" time="0.027"/>
  <testcase name="testSort" classname="test.java.com.example.myarraylist.MyArrayListTest" time="0.001"/>
  <testcase name="testAddAndGet" classname="test.java.com.example.myarraylist.MyArrayListTest" time="0.001"/>
  <testcase name="testRemove" classname="test.java.com.example.myarraylist.MyArrayListTest" time="0.001"/>
  <testcase name="testQuicksort" classname="test.java.com.example.myarraylist.MyArrayListTest" time="0.001"/>
</testsuite>